<?xml version="1.0" encoding="UTF-8"?>
<testsuite xmlns:xsi="http://www.w3.org/2001/XMLSchema-instance" xsi:noNamespaceSchemaLocation="https://maven.apache.org/surefire/maven-surefire-plugin/xsd/surefire-test-report.xsd" name="MyTest" time="0.053" tests="28" errors="0" skipped="0" failures="0">
  <properties>
[...]
</properties>
  <testcase name="test_numbersMatched" classname="MyTest" time="0.023"/>
  <testcase name="test_picksForUser" classname="MyTest" time="0"/>
  <testcase name="moneyWonHelper1" classname="MyTest" time="0.001"/>
  <testcase name="moneyWonHelper2" classname="MyTest" time="0"/>
  <testcase name="moneyWonHelper3" classname="MyTest" time="0.001"/>
  <testcase name="moneyWonHelper4" classname="MyTest" time="0.001"/>
  <testcase name="moneyWonHelper5" classname="MyTest" time="0.001"/>
  <testcase name="moneyWonHelper6" classname="MyTest" time="0.001"/>
  <testcase name="moneyWonHelper7" classname="MyTest" time="0.001"/>
  <testcase name="moneyWonHelper8" classname="MyTest" time="0.001"/>
  <testcase name="moneyWonHelper9" classname="MyTest" time="0.001"/>
  <testcase name="test_moneyWon" classname="MyTest" time="0"/>
  <testcase name="test_picksForUser1" classname="MyTest" time="0.001"/>
  <testcase name="test_totalMoneyWon" classname="MyTest" time="0"/>
  <testcase name="updateDarwNumber2" classname="MyTest" time="0.001"/>
  <testcase name="updateDarwNumber" classname="MyTest" time="0.001"/>
  <testcase name="moneyWonHelper10" classname="MyTest" time="0.001"/>
  <testcase name="moneyWonHelper11" classname="MyTest" time="0.001"/>
  <testcase name="moneyWonHelper12" classname="MyTest" time="0"/>
  <testcase name="moneyWonHelper13" classname="MyTest" time="0"/>
  <testcase name="moneyWonHelper14" classname="MyTest" time="0.001"/>
  <testcase name="moneyWonHelper15" classname="MyTest" time="0"/>
  <testcase name="moneyWonHelper16" classname="MyTest" time="0"/>
  <testcase name="test1" classname="MyTest" time="0.001"/>
  <testcase name="test2" classname="MyTest" time="0"/>
  <testcase name="test_buttonClickedHelper" classname="MyTest" time="0.001"/>
  <testcase name="test_numDrawn" classname="MyTest" time="0.003"/>
  <testcase name="test_totalMoneyWon2" classname="MyTest" time="0"/>
</testsuite>